0 verbose cli /usr/local/bin/node /usr/local/bin/npm
1 info using npm@11.9.0
2 info using node@v24.14.0
3 silly config load:file:/usr/local/lib/node_modules/npm/npmrc
4 silly config load:file:/Users/samuelmartos/Documents/Cosas Reales/web/.npmrc
5 silly config load:file:/Users/samuelmartos/.npmrc
6 silly config load:file:/usr/local/etc/npmrc
7 verbose title npm install framer-motion clsx
8 verbose argv "install" "framer-motion" "clsx" "--cache" ".npm-cache"
9 verbose logfile logs-max:10 dir:/Users/samuelmartos/Documents/Cosas Reales/web/.npm-cache/_logs/2026-04-21T02_35_11_895Z-
10 verbose logfile /Users/samuelmartos/Documents/Cosas Reales/web/.npm-cache/_logs/2026-04-21T02_35_11_895Z-debug-0.log
11 silly logfile done cleaning log files
12 silly packumentCache heap:4496293888 maxSize:1124073472 maxEntrySize:562036736
13 silly idealTree buildDeps
14 silly fetch manifest next@16.2.4
15 silly packumentCache full:https://registry.npmjs.org/next cache-miss
16 http fetch GET 200 https://registry.npmjs.org/npm 155ms
17 http fetch GET 200 https://registry.npmjs.org/next 539ms (cache miss)
18 silly packumentCache full:https://registry.npmjs.org/next set size:undefined disposed:false
19 silly fetch manifest @opentelemetry/api@^1.1.0
20 silly packumentCache full:https://registry.npmjs.org/@opentelemetry%2fapi cache-miss
21 http fetch GET 200 https://registry.npmjs.org/@opentelemetry%2fapi 99ms (cache miss)
22 silly packumentCache full:https://registry.npmjs.org/@opentelemetry%2fapi set size:undefined disposed:false
23 silly fetch manifest @playwright/test@^1.51.1
24 silly packumentCache full:https://registry.npmjs.org/@playwright%2ftest cache-miss
25 http fetch GET 200 https://registry.npmjs.org/@playwright%2ftest 202ms (cache miss)
26 silly packumentCache full:https://registry.npmjs.org/@playwright%2ftest set size:undefined disposed:false
27 silly fetch manifest babel-plugin-react-compiler@*
28 silly packumentCache full:https://registry.npmjs.org/babel-plugin-react-compiler cache-miss
29 http fetch GET 200 https://registry.npmjs.org/babel-plugin-react-compiler 107ms (cache miss)
30 silly packumentCache full:https://registry.npmjs.org/babel-plugin-react-compiler set size:undefined disposed:false
31 silly fetch manifest react@19.2.4
32 silly packumentCache full:https://registry.npmjs.org/react cache-miss
33 http fetch GET 200 https://registry.npmjs.org/react 152ms (cache miss)
34 silly packumentCache full:https://registry.npmjs.org/react set size:undefined disposed:false
35 silly fetch manifest react-dom@19.2.4
36 silly packumentCache full:https://registry.npmjs.org/react-dom cache-miss
37 http fetch GET 200 https://registry.npmjs.org/react-dom 318ms (cache miss)
38 silly packumentCache full:https://registry.npmjs.org/react-dom set size:undefined disposed:false
39 silly fetch manifest sass@^1.3.0
40 silly packumentCache full:https://registry.npmjs.org/sass cache-miss
41 http fetch GET 200 https://registry.npmjs.org/sass 52ms (cache miss)
42 silly packumentCache full:https://registry.npmjs.org/sass set size:undefined disposed:false
43 silly fetch manifest framer-motion@*
44 silly packumentCache full:https://registry.npmjs.org/framer-motion cache-miss
45 http fetch GET 200 https://registry.npmjs.org/framer-motion 437ms (cache miss)
46 silly packumentCache full:https://registry.npmjs.org/framer-motion set size:undefined disposed:false
47 silly fetch manifest @emotion/is-prop-valid@*
48 silly packumentCache full:https://registry.npmjs.org/@emotion%2fis-prop-valid cache-miss
49 http fetch GET 200 https://registry.npmjs.org/@emotion%2fis-prop-valid 98ms (cache miss)
50 silly packumentCache full:https://registry.npmjs.org/@emotion%2fis-prop-valid set size:undefined disposed:false
51 silly fetch manifest clsx@*
52 silly packumentCache full:https://registry.npmjs.org/clsx cache-miss
53 http fetch GET 200 https://registry.npmjs.org/clsx 87ms (cache miss)
54 silly packumentCache full:https://registry.npmjs.org/clsx set size:undefined disposed:false
55 silly fetch manifest @tailwindcss/postcss@^4
56 silly packumentCache full:https://registry.npmjs.org/@tailwindcss%2fpostcss cache-miss
57 http fetch GET 200 https://registry.npmjs.org/@tailwindcss%2fpostcss 125ms (cache miss)
58 silly packumentCache full:https://registry.npmjs.org/@tailwindcss%2fpostcss set size:undefined disposed:false
59 silly fetch manifest @types/node@^20
60 silly packumentCache full:https://registry.npmjs.org/@types%2fnode cache-miss
61 http fetch GET 200 https://registry.npmjs.org/@types%2fnode 366ms (cache miss)
62 silly packumentCache full:https://registry.npmjs.org/@types%2fnode set size:undefined disposed:false
63 silly fetch manifest @types/react@^19
64 silly packumentCache full:https://registry.npmjs.org/@types%2freact cache-miss
65 http fetch GET 200 https://registry.npmjs.org/@types%2freact 301ms (cache miss)
66 silly packumentCache full:https://registry.npmjs.org/@types%2freact set size:undefined disposed:false
67 silly fetch manifest @types/react-dom@^19
68 silly packumentCache full:https://registry.npmjs.org/@types%2freact-dom cache-miss
69 http fetch GET 200 https://registry.npmjs.org/@types%2freact-dom 103ms (cache miss)
70 silly packumentCache full:https://registry.npmjs.org/@types%2freact-dom set size:undefined disposed:false
71 silly fetch manifest tailwindcss@^4
72 silly packumentCache full:https://registry.npmjs.org/tailwindcss cache-miss
73 http fetch GET 200 https://registry.npmjs.org/tailwindcss 200ms (cache miss)
74 silly packumentCache full:https://registry.npmjs.org/tailwindcss set size:undefined disposed:false
75 silly fetch manifest typescript@^5
76 silly packumentCache full:https://registry.npmjs.org/typescript cache-miss
77 http fetch GET 200 https://registry.npmjs.org/typescript 336ms (cache miss)
78 silly packumentCache full:https://registry.npmjs.org/typescript set size:undefined disposed:false
79 silly placeDep ROOT @tailwindcss/postcss@4.2.3 OK for: web@0.1.0 want: ^4
80 silly placeDep ROOT @types/node@20.19.39 OK for: web@0.1.0 want: ^20
81 silly placeDep ROOT @types/react@19.2.14 OK for: web@0.1.0 want: ^19
82 silly placeDep ROOT @types/react-dom@19.2.3 OK for: web@0.1.0 want: ^19
83 silly placeDep ROOT clsx@2.1.1 OK for: web@0.1.0 want: *
84 silly placeDep ROOT framer-motion@12.38.0 OK for: web@0.1.0 want: *
85 silly placeDep ROOT next@16.2.4 OK for: web@0.1.0 want: 16.2.4
86 silly placeDep ROOT react@19.2.4 OK for: next@16.2.4 want: ^18.2.0 || 19.0.0-rc-de68d2f4-20241204 || ^19.0.0
87 silly placeDep ROOT react-dom@19.2.4 OK for: next@16.2.4 want: ^18.2.0 || 19.0.0-rc-de68d2f4-20241204 || ^19.0.0
88 silly placeDep ROOT tailwindcss@4.2.3 OK for: web@0.1.0 want: ^4
89 silly placeDep ROOT typescript@5.9.3 OK for: web@0.1.0 want: ^5
90 silly fetch manifest @alloc/quick-lru@^5.2.0
91 silly packumentCache full:https://registry.npmjs.org/@alloc%2fquick-lru cache-miss
92 silly fetch manifest postcss@^8.5.6
93 silly packumentCache full:https://registry.npmjs.org/postcss cache-miss
94 silly fetch manifest @tailwindcss/oxide@4.2.3
95 silly packumentCache full:https://registry.npmjs.org/@tailwindcss%2foxide cache-miss
96 silly fetch manifest @tailwindcss/node@4.2.3
97 silly packumentCache full:https://registry.npmjs.org/@tailwindcss%2fnode cache-miss
98 silly fetch manifest tailwindcss@4.2.3
99 silly packumentCache full:https://registry.npmjs.org/tailwindcss cache-miss
100 silly fetch manifest undici-types@~6.21.0
101 silly packumentCache full:https://registry.npmjs.org/undici-types cache-miss
102 silly fetch manifest csstype@^3.2.2
103 silly packumentCache full:https://registry.npmjs.org/csstype cache-miss
104 silly fetch manifest tslib@^2.4.0
105 silly packumentCache full:https://registry.npmjs.org/tslib cache-miss
106 silly fetch manifest motion-dom@^12.38.0
107 silly packumentCache full:https://registry.npmjs.org/motion-dom cache-miss
108 http cache https://registry.npmjs.org/tailwindcss 27ms (cache hit)
109 silly packumentCache full:https://registry.npmjs.org/tailwindcss set size:10354755 disposed:false
110 silly fetch manifest motion-utils@^12.36.0
111 silly packumentCache full:https://registry.npmjs.org/motion-utils cache-miss
112 http fetch GET 200 https://registry.npmjs.org/@alloc%2fquick-lru 80ms (cache miss)
113 silly packumentCache full:https://registry.npmjs.org/@alloc%2fquick-lru set size:undefined disposed:false
114 silly fetch manifest postcss@8.4.31
115 silly packumentCache full:https://registry.npmjs.org/postcss cache-miss
116 http fetch GET 200 https://registry.npmjs.org/postcss 90ms (cache miss)
117 silly packumentCache full:https://registry.npmjs.org/postcss set size:undefined disposed:false
118 silly fetch manifest @next/env@16.2.4
119 silly packumentCache full:https://registry.npmjs.org/@next%2fenv cache-miss
120 http fetch GET 200 https://registry.npmjs.org/postcss 54ms (cache miss)
121 silly packumentCache full:https://registry.npmjs.org/postcss set size:undefined disposed:false
122 silly fetch manifest styled-jsx@5.1.6
123 silly packumentCache full:https://registry.npmjs.org/styled-jsx cache-miss
124 http fetch GET 200 https://registry.npmjs.org/motion-utils 83ms (cache miss)
125 silly packumentCache full:https://registry.npmjs.org/motion-utils set size:undefined disposed:false
126 silly fetch manifest @swc/helpers@0.5.15
127 silly packumentCache full:https://registry.npmjs.org/@swc%2fhelpers cache-miss
128 http fetch GET 200 https://registry.npmjs.org/csstype 145ms (cache miss)
129 silly packumentCache full:https://registry.npmjs.org/csstype set size:undefined disposed:false
130 silly fetch manifest caniuse-lite@^1.0.30001579
131 silly packumentCache full:https://registry.npmjs.org/caniuse-lite cache-miss
132 http fetch GET 200 https://registry.npmjs.org/undici-types 152ms (cache miss)
133 silly packumentCache full:https://registry.npmjs.org/undici-types set size:undefined disposed:false
134 silly fetch manifest baseline-browser-mapping@^2.9.19
135 silly packumentCache full:https://registry.npmjs.org/baseline-browser-mapping cache-miss
136 http fetch GET 200 https://registry.npmjs.org/tslib 165ms (cache miss)
137 silly packumentCache full:https://registry.npmjs.org/tslib set size:undefined disposed:false
138 silly fetch manifest sharp@^0.34.5
139 silly packumentCache full:https://registry.npmjs.org/sharp cache-miss
140 http fetch GET 200 https://registry.npmjs.org/motion-dom 166ms (cache miss)
141 silly packumentCache full:https://registry.npmjs.org/motion-dom set size:undefined disposed:false
142 silly fetch manifest @next/swc-darwin-x64@16.2.4
143 silly packumentCache full:https://registry.npmjs.org/@next%2fswc-darwin-x64 cache-miss
144 http fetch GET 200 https://registry.npmjs.org/styled-jsx 81ms (cache miss)
145 silly packumentCache full:https://registry.npmjs.org/styled-jsx set size:undefined disposed:false
146 silly fetch manifest @next/swc-darwin-arm64@16.2.4
147 silly packumentCache full:https://registry.npmjs.org/@next%2fswc-darwin-arm64 cache-miss
148 http fetch GET 200 https://registry.npmjs.org/baseline-browser-mapping 80ms (cache miss)
149 silly packumentCache full:https://registry.npmjs.org/baseline-browser-mapping set size:undefined disposed:false
150 silly fetch manifest @next/swc-linux-x64-gnu@16.2.4
151 silly packumentCache full:https://registry.npmjs.org/@next%2fswc-linux-x64-gnu cache-miss
152 http fetch GET 200 https://registry.npmjs.org/@swc%2fhelpers 102ms (cache miss)
153 silly packumentCache full:https://registry.npmjs.org/@swc%2fhelpers set size:undefined disposed:false
154 silly fetch manifest @next/swc-linux-x64-musl@16.2.4
155 silly packumentCache full:https://registry.npmjs.org/@next%2fswc-linux-x64-musl cache-miss
156 http fetch GET 200 https://registry.npmjs.org/sharp 87ms (cache miss)
157 silly packumentCache full:https://registry.npmjs.org/sharp set size:undefined disposed:false
158 silly fetch manifest @next/swc-win32-x64-msvc@16.2.4
159 silly packumentCache full:https://registry.npmjs.org/@next%2fswc-win32-x64-msvc cache-miss
160 http fetch GET 200 https://registry.npmjs.org/@tailwindcss%2fnode 268ms (cache miss)
161 silly packumentCache full:https://registry.npmjs.org/@tailwindcss%2fnode set size:undefined disposed:false
162 silly fetch manifest @next/swc-linux-arm64-gnu@16.2.4
163 silly packumentCache full:https://registry.npmjs.org/@next%2fswc-linux-arm64-gnu cache-miss
164 http fetch GET 200 https://registry.npmjs.org/caniuse-lite 134ms (cache miss)
165 silly packumentCache full:https://registry.npmjs.org/caniuse-lite set size:undefined disposed:false
166 silly fetch manifest @next/swc-linux-arm64-musl@16.2.4
167 silly packumentCache full:https://registry.npmjs.org/@next%2fswc-linux-arm64-musl cache-miss
168 http fetch GET 200 https://registry.npmjs.org/@next%2fenv 227ms (cache miss)
169 silly packumentCache full:https://registry.npmjs.org/@next%2fenv set size:undefined disposed:false
170 silly fetch manifest @next/swc-win32-arm64-msvc@16.2.4
171 silly packumentCache full:https://registry.npmjs.org/@next%2fswc-win32-arm64-msvc cache-miss
172 http fetch GET 200 https://registry.npmjs.org/@next%2fswc-darwin-x64 203ms (cache miss)
173 silly packumentCache full:https://registry.npmjs.org/@next%2fswc-darwin-x64 set size:undefined disposed:false
174 silly fetch manifest scheduler@^0.27.0
175 silly packumentCache full:https://registry.npmjs.org/scheduler cache-miss
176 http fetch GET 200 https://registry.npmjs.org/@next%2fswc-linux-x64-musl 171ms (cache miss)
177 silly packumentCache full:https://registry.npmjs.org/@next%2fswc-linux-x64-musl set size:undefined disposed:false
178 http fetch GET 200 https://registry.npmjs.org/@next%2fswc-linux-x64-gnu 212ms (cache miss)
179 silly packumentCache full:https://registry.npmjs.org/@next%2fswc-linux-x64-gnu set size:undefined disposed:false
180 http fetch GET 200 https://registry.npmjs.org/@next%2fswc-linux-arm64-gnu 207ms (cache miss)
181 silly packumentCache full:https://registry.npmjs.org/@next%2fswc-linux-arm64-gnu set size:undefined disposed:false
182 http fetch GET 200 https://registry.npmjs.org/@next%2fswc-win32-x64-msvc 264ms (cache miss)
183 silly packumentCache full:https://registry.npmjs.org/@next%2fswc-win32-x64-msvc set size:undefined disposed:false
184 http fetch GET 200 https://registry.npmjs.org/scheduler 163ms (cache miss)
185 silly packumentCache full:https://registry.npmjs.org/scheduler set size:undefined disposed:false
186 http fetch GET 200 https://registry.npmjs.org/@next%2fswc-darwin-arm64 340ms (cache miss)
187 silly packumentCache full:https://registry.npmjs.org/@next%2fswc-darwin-arm64 set size:undefined disposed:false
188 http fetch GET 200 https://registry.npmjs.org/@next%2fswc-linux-arm64-musl 314ms (cache miss)
189 silly packumentCache full:https://registry.npmjs.org/@next%2fswc-linux-arm64-musl set size:undefined disposed:false
190 http fetch GET 200 https://registry.npmjs.org/@next%2fswc-win32-arm64-msvc 340ms (cache miss)
191 silly packumentCache full:https://registry.npmjs.org/@next%2fswc-win32-arm64-msvc set size:undefined disposed:false
192 http fetch GET 200 https://registry.npmjs.org/@tailwindcss%2foxide 699ms (cache miss)
193 silly packumentCache full:https://registry.npmjs.org/@tailwindcss%2foxide set size:undefined disposed:false
194 silly placeDep ROOT @alloc/quick-lru@5.2.0 OK for: @tailwindcss/postcss@4.2.3 want: ^5.2.0
195 silly placeDep ROOT @tailwindcss/node@4.2.3 OK for: @tailwindcss/postcss@4.2.3 want: 4.2.3
196 silly placeDep ROOT @tailwindcss/oxide@4.2.3 OK for: @tailwindcss/postcss@4.2.3 want: 4.2.3
197 silly placeDep ROOT postcss@8.5.10 OK for: @tailwindcss/postcss@4.2.3 want: ^8.5.6
198 silly fetch manifest @jridgewell/remapping@^2.3.5
199 silly packumentCache full:https://registry.npmjs.org/@jridgewell%2fremapping cache-miss
200 silly fetch manifest enhanced-resolve@^5.19.0
201 silly packumentCache full:https://registry.npmjs.org/enhanced-resolve cache-miss
202 silly fetch manifest jiti@^2.6.1
203 silly packumentCache full:https://registry.npmjs.org/jiti cache-miss
204 silly fetch manifest lightningcss@1.32.0
205 silly packumentCache full:https://registry.npmjs.org/lightningcss cache-miss
206 silly fetch manifest magic-string@^0.30.21
207 silly packumentCache full:https://registry.npmjs.org/magic-string cache-miss
208 silly fetch manifest source-map-js@^1.2.1
209 silly packumentCache full:https://registry.npmjs.org/source-map-js cache-miss
210 silly fetch manifest @tailwindcss/oxide-darwin-x64@4.2.3
211 silly packumentCache full:https://registry.npmjs.org/@tailwindcss%2foxide-darwin-x64 cache-miss
212 silly fetch manifest @tailwindcss/oxide-darwin-arm64@4.2.3
213 silly packumentCache full:https://registry.npmjs.org/@tailwindcss%2foxide-darwin-arm64 cache-miss
214 silly fetch manifest @tailwindcss/oxide-linux-arm-gnueabihf@4.2.3
215 silly packumentCache full:https://registry.npmjs.org/@tailwindcss%2foxide-linux-arm-gnueabihf cache-miss
216 http fetch GET 200 https://registry.npmjs.org/enhanced-resolve 43ms (cache miss)
217 silly packumentCache full:https://registry.npmjs.org/enhanced-resolve set size:undefined disposed:false
218 silly fetch manifest @tailwindcss/oxide-freebsd-x64@4.2.3
219 silly packumentCache full:https://registry.npmjs.org/@tailwindcss%2foxide-freebsd-x64 cache-miss
220 http fetch GET 200 https://registry.npmjs.org/lightningcss 60ms (cache miss)
221 silly packumentCache full:https://registry.npmjs.org/lightningcss set size:undefined disposed:false
222 silly fetch manifest @tailwindcss/oxide-linux-arm64-musl@4.2.3
223 silly packumentCache full:https://registry.npmjs.org/@tailwindcss%2foxide-linux-arm64-musl cache-miss
224 http fetch GET 200 https://registry.npmjs.org/jiti 64ms (cache miss)
225 silly packumentCache full:https://registry.npmjs.org/jiti set size:undefined disposed:false
226 silly fetch manifest @tailwindcss/oxide-linux-arm64-gnu@4.2.3
227 silly packumentCache full:https://registry.npmjs.org/@tailwindcss%2foxide-linux-arm64-gnu cache-miss
228 http fetch GET 200 https://registry.npmjs.org/source-map-js 97ms (cache miss)
229 silly packumentCache full:https://registry.npmjs.org/source-map-js set size:undefined disposed:false
230 silly fetch manifest @tailwindcss/oxide-linux-x64-musl@4.2.3
231 silly packumentCache full:https://registry.npmjs.org/@tailwindcss%2foxide-linux-x64-musl cache-miss
232 http fetch GET 200 https://registry.npmjs.org/@tailwindcss%2foxide-darwin-arm64 103ms (cache miss)
233 silly packumentCache full:https://registry.npmjs.org/@tailwindcss%2foxide-darwin-arm64 set size:undefined disposed:false
234 silly fetch manifest @tailwindcss/oxide-linux-x64-gnu@4.2.3
235 silly packumentCache full:https://registry.npmjs.org/@tailwindcss%2foxide-linux-x64-gnu cache-miss
236 http fetch GET 200 https://registry.npmjs.org/magic-string 114ms (cache miss)
237 silly packumentCache full:https://registry.npmjs.org/magic-string set size:undefined disposed:false
238 silly fetch manifest @tailwindcss/oxide-win32-x64-msvc@4.2.3
239 silly packumentCache full:https://registry.npmjs.org/@tailwindcss%2foxide-win32-x64-msvc cache-miss
240 http fetch GET 200 https://registry.npmjs.org/@tailwindcss%2foxide-darwin-x64 118ms (cache miss)
241 silly packumentCache full:https://registry.npmjs.org/@tailwindcss%2foxide-darwin-x64 set size:undefined disposed:false
242 silly fetch manifest @tailwindcss/oxide-wasm32-wasi@4.2.3
243 silly packumentCache full:https://registry.npmjs.org/@tailwindcss%2foxide-wasm32-wasi cache-miss
244 http fetch GET 200 https://registry.npmjs.org/@tailwindcss%2foxide-freebsd-x64 121ms (cache miss)
245 silly packumentCache full:https://registry.npmjs.org/@tailwindcss%2foxide-freebsd-x64 set size:undefined disposed:false
246 silly fetch manifest @tailwindcss/oxide-win32-arm64-msvc@4.2.3
247 silly packumentCache full:https://registry.npmjs.org/@tailwindcss%2foxide-win32-arm64-msvc cache-miss
248 http fetch GET 200 https://registry.npmjs.org/@tailwindcss%2foxide-linux-x64-musl 113ms (cache miss)
249 silly packumentCache full:https://registry.npmjs.org/@tailwindcss%2foxide-linux-x64-musl set size:undefined disposed:false
250 silly fetch manifest @tailwindcss/oxide-android-arm64@4.2.3
251 silly packumentCache full:https://registry.npmjs.org/@tailwindcss%2foxide-android-arm64 cache-miss
252 http fetch GET 200 https://registry.npmjs.org/@tailwindcss%2foxide-linux-arm-gnueabihf 218ms (cache miss)
253 silly packumentCache full:https://registry.npmjs.org/@tailwindcss%2foxide-linux-arm-gnueabihf set size:undefined disposed:false
254 silly fetch manifest nanoid@^3.3.11
255 silly packumentCache full:https://registry.npmjs.org/nanoid cache-miss
256 http fetch GET 200 https://registry.npmjs.org/@jridgewell%2fremapping 226ms (cache miss)
257 silly packumentCache full:https://registry.npmjs.org/@jridgewell%2fremapping set size:undefined disposed:false
258 silly fetch manifest picocolors@^1.1.1
259 silly packumentCache full:https://registry.npmjs.org/picocolors cache-miss
260 http fetch GET 200 https://registry.npmjs.org/@tailwindcss%2foxide-wasm32-wasi 105ms (cache miss)
261 silly packumentCache full:https://registry.npmjs.org/@tailwindcss%2foxide-wasm32-wasi set size:undefined disposed:false
262 http fetch GET 200 https://registry.npmjs.org/@tailwindcss%2foxide-win32-x64-msvc 120ms (cache miss)
263 silly packumentCache full:https://registry.npmjs.org/@tailwindcss%2foxide-win32-x64-msvc set size:undefined disposed:false
264 http fetch GET 200 https://registry.npmjs.org/@tailwindcss%2foxide-linux-x64-gnu 143ms (cache miss)
265 silly packumentCache full:https://registry.npmjs.org/@tailwindcss%2foxide-linux-x64-gnu set size:undefined disposed:false
266 http fetch GET 200 https://registry.npmjs.org/@tailwindcss%2foxide-win32-arm64-msvc 92ms (cache miss)
267 silly packumentCache full:https://registry.npmjs.org/@tailwindcss%2foxide-win32-arm64-msvc set size:undefined disposed:false
268 http fetch GET 200 https://registry.npmjs.org/@tailwindcss%2foxide-linux-arm64-gnu 271ms (cache miss)
269 silly packumentCache full:https://registry.npmjs.org/@tailwindcss%2foxide-linux-arm64-gnu set size:undefined disposed:false
270 http fetch GET 200 https://registry.npmjs.org/@tailwindcss%2foxide-android-arm64 137ms (cache miss)
271 silly packumentCache full:https://registry.npmjs.org/@tailwindcss%2foxide-android-arm64 set size:undefined disposed:false
272 http fetch GET 200 https://registry.npmjs.org/picocolors 152ms (cache miss)
273 silly packumentCache full:https://registry.npmjs.org/picocolors set size:undefined disposed:false
274 http fetch GET 200 https://registry.npmjs.org/@tailwindcss%2foxide-linux-arm64-musl 327ms (cache miss)
275 silly packumentCache full:https://registry.npmjs.org/@tailwindcss%2foxide-linux-arm64-musl set size:undefined disposed:false
276 http fetch GET 200 https://registry.npmjs.org/nanoid 347ms (cache miss)
277 silly packumentCache full:https://registry.npmjs.org/nanoid set size:undefined disposed:false
278 silly placeDep ROOT @jridgewell/remapping@2.3.5 OK for: @tailwindcss/node@4.2.3 want: ^2.3.5
279 silly placeDep ROOT enhanced-resolve@5.20.1 OK for: @tailwindcss/node@4.2.3 want: ^5.19.0
280 silly placeDep ROOT jiti@2.6.1 OK for: @tailwindcss/node@4.2.3 want: ^2.6.1
281 silly placeDep ROOT lightningcss@1.32.0 OK for: @tailwindcss/node@4.2.3 want: 1.32.0
282 silly placeDep ROOT magic-string@0.30.21 OK for: @tailwindcss/node@4.2.3 want: ^0.30.21
283 silly placeDep ROOT source-map-js@1.2.1 OK for: @tailwindcss/node@4.2.3 want: ^1.2.1
284 silly fetch manifest @jridgewell/gen-mapping@^0.3.5
285 silly packumentCache full:https://registry.npmjs.org/@jridgewell%2fgen-mapping cache-miss
286 silly fetch manifest @jridgewell/trace-mapping@^0.3.24
287 silly packumentCache full:https://registry.npmjs.org/@jridgewell%2ftrace-mapping cache-miss
288 silly fetch manifest graceful-fs@^4.2.4
289 silly packumentCache full:https://registry.npmjs.org/graceful-fs cache-miss
290 silly fetch manifest tapable@^2.3.0
291 silly packumentCache full:https://registry.npmjs.org/tapable cache-miss
292 silly fetch manifest detect-libc@^2.0.3
293 silly packumentCache full:https://registry.npmjs.org/detect-libc cache-miss
294 silly fetch manifest lightningcss-darwin-x64@1.32.0
295 silly packumentCache full:https://registry.npmjs.org/lightningcss-darwin-x64 cache-miss
296 silly fetch manifest lightningcss-linux-x64-gnu@1.32.0
297 silly packumentCache full:https://registry.npmjs.org/lightningcss-linux-x64-gnu cache-miss
298 silly fetch manifest lightningcss-win32-x64-msvc@1.32.0
299 silly packumentCache full:https://registry.npmjs.org/lightningcss-win32-x64-msvc cache-miss
300 silly fetch manifest lightningcss-win32-arm64-msvc@1.32.0
301 silly packumentCache full:https://registry.npmjs.org/lightningcss-win32-arm64-msvc cache-miss
302 http fetch GET 200 https://registry.npmjs.org/lightningcss-win32-x64-msvc 45ms (cache miss)
303 silly packumentCache full:https://registry.npmjs.org/lightningcss-win32-x64-msvc set size:undefined disposed:false
304 silly fetch manifest lightningcss-darwin-arm64@1.32.0
305 silly packumentCache full:https://registry.npmjs.org/lightningcss-darwin-arm64 cache-miss
306 http fetch GET 200 https://registry.npmjs.org/tapable 65ms (cache miss)
307 silly packumentCache full:https://registry.npmjs.org/tapable set size:undefined disposed:false
308 silly fetch manifest lightningcss-linux-arm64-gnu@1.32.0
309 silly packumentCache full:https://registry.npmjs.org/lightningcss-linux-arm64-gnu cache-miss
310 http fetch GET 200 https://registry.npmjs.org/@jridgewell%2ftrace-mapping 66ms (cache miss)
311 silly packumentCache full:https://registry.npmjs.org/@jridgewell%2ftrace-mapping set size:undefined disposed:false
312 silly fetch manifest lightningcss-linux-arm-gnueabihf@1.32.0
313 silly packumentCache full:https://registry.npmjs.org/lightningcss-linux-arm-gnueabihf cache-miss
314 http fetch GET 200 https://registry.npmjs.org/lightningcss-win32-arm64-msvc 80ms (cache miss)
315 silly packumentCache full:https://registry.npmjs.org/lightningcss-win32-arm64-msvc set size:undefined disposed:false
316 silly fetch manifest lightningcss-linux-arm64-musl@1.32.0
317 silly packumentCache full:https://registry.npmjs.org/lightningcss-linux-arm64-musl cache-miss
318 http fetch GET 200 https://registry.npmjs.org/lightningcss-linux-x64-gnu 81ms (cache miss)
319 silly packumentCache full:https://registry.npmjs.org/lightningcss-linux-x64-gnu set size:undefined disposed:false
320 silly fetch manifest lightningcss-linux-x64-musl@1.32.0
321 silly packumentCache full:https://registry.npmjs.org/lightningcss-linux-x64-musl cache-miss
322 http fetch GET 200 https://registry.npmjs.org/@jridgewell%2fgen-mapping 91ms (cache miss)
323 silly packumentCache full:https://registry.npmjs.org/@jridgewell%2fgen-mapping set size:undefined disposed:false
324 silly fetch manifest lightningcss-freebsd-x64@1.32.0
325 silly packumentCache full:https://registry.npmjs.org/lightningcss-freebsd-x64 cache-miss
326 http fetch GET 200 https://registry.npmjs.org/lightningcss-darwin-arm64 46ms (cache miss)
327 silly packumentCache full:https://registry.npmjs.org/lightningcss-darwin-arm64 set size:undefined disposed:false
328 silly fetch manifest lightningcss-android-arm64@1.32.0
329 silly packumentCache full:https://registry.npmjs.org/lightningcss-android-arm64 cache-miss
330 http fetch GET 200 https://registry.npmjs.org/detect-libc 96ms (cache miss)
331 silly packumentCache full:https://registry.npmjs.org/detect-libc set size:undefined disposed:false
332 silly fetch manifest @jridgewell/sourcemap-codec@^1.5.5
333 silly packumentCache full:https://registry.npmjs.org/@jridgewell%2fsourcemap-codec cache-miss
334 http fetch GET 200 https://registry.npmjs.org/graceful-fs 100ms (cache miss)
335 silly packumentCache full:https://registry.npmjs.org/graceful-fs set size:undefined disposed:false
336 http fetch GET 200 https://registry.npmjs.org/lightningcss-linux-arm-gnueabihf 39ms (cache miss)
337 silly packumentCache full:https://registry.npmjs.org/lightningcss-linux-arm-gnueabihf set size:undefined disposed:false
338 http fetch GET 200 https://registry.npmjs.org/lightningcss-linux-arm64-gnu 62ms (cache miss)
339 silly packumentCache full:https://registry.npmjs.org/lightningcss-linux-arm64-gnu set size:undefined disposed:false
340 http fetch GET 200 https://registry.npmjs.org/lightningcss-linux-arm64-musl 57ms (cache miss)
341 silly packumentCache full:https://registry.npmjs.org/lightningcss-linux-arm64-musl set size:undefined disposed:false
342 http fetch GET 200 https://registry.npmjs.org/lightningcss-freebsd-x64 46ms (cache miss)
343 silly packumentCache full:https://registry.npmjs.org/lightningcss-freebsd-x64 set size:undefined disposed:false
344 http fetch GET 200 https://registry.npmjs.org/lightningcss-android-arm64 47ms (cache miss)
345 silly packumentCache full:https://registry.npmjs.org/lightningcss-android-arm64 set size:undefined disposed:false
346 http fetch GET 200 https://registry.npmjs.org/lightningcss-linux-x64-musl 64ms (cache miss)
347 silly packumentCache full:https://registry.npmjs.org/lightningcss-linux-x64-musl set size:undefined disposed:false
348 http fetch GET 200 https://registry.npmjs.org/@jridgewell%2fsourcemap-codec 111ms (cache miss)
349 silly packumentCache full:https://registry.npmjs.org/@jridgewell%2fsourcemap-codec set size:undefined disposed:false
350 http fetch GET 200 https://registry.npmjs.org/lightningcss-darwin-x64 231ms (cache miss)
351 silly packumentCache full:https://registry.npmjs.org/lightningcss-darwin-x64 set size:undefined disposed:false
352 silly placeDep ROOT @jridgewell/gen-mapping@0.3.13 OK for: @jridgewell/remapping@2.3.5 want: ^0.3.5
353 silly placeDep ROOT @jridgewell/trace-mapping@0.3.31 OK for: @jridgewell/remapping@2.3.5 want: ^0.3.24
354 silly fetch manifest @jridgewell/sourcemap-codec@^1.5.0
355 silly packumentCache full:https://registry.npmjs.org/@jridgewell%2fsourcemap-codec cache-miss
356 silly fetch manifest @jridgewell/resolve-uri@^3.1.0
357 silly packumentCache full:https://registry.npmjs.org/@jridgewell%2fresolve-uri cache-miss
358 silly fetch manifest @jridgewell/sourcemap-codec@^1.4.14
359 silly packumentCache full:https://registry.npmjs.org/@jridgewell%2fsourcemap-codec cache-miss
360 http cache https://registry.npmjs.org/@jridgewell%2fsourcemap-codec 6ms (cache hit)
361 silly packumentCache full:https://registry.npmjs.org/@jridgewell%2fsourcemap-codec set size:59275 disposed:false
362 http cache https://registry.npmjs.org/@jridgewell%2fsourcemap-codec 6ms (cache hit)
363 silly packumentCache full:https://registry.npmjs.org/@jridgewell%2fsourcemap-codec set size:59275 disposed:false
364 silly packumentCache full:https://registry.npmjs.org/@jridgewell%2fsourcemap-codec dispose
365 http fetch GET 200 https://registry.npmjs.org/@jridgewell%2fresolve-uri 56ms (cache miss)
366 silly packumentCache full:https://registry.npmjs.org/@jridgewell%2fresolve-uri set size:undefined disposed:false
367 silly placeDep ROOT @jridgewell/sourcemap-codec@1.5.5 OK for: @jridgewell/gen-mapping@0.3.13 want: ^1.5.0
368 silly placeDep ROOT @jridgewell/resolve-uri@3.1.2 OK for: @jridgewell/trace-mapping@0.3.31 want: ^3.1.0
369 silly placeDep ROOT @tailwindcss/oxide-android-arm64@4.2.3 OK for: @tailwindcss/oxide@4.2.3 want: 4.2.3
370 silly placeDep ROOT @tailwindcss/oxide-darwin-arm64@4.2.3 OK for: @tailwindcss/oxide@4.2.3 want: 4.2.3
371 silly placeDep ROOT @tailwindcss/oxide-darwin-x64@4.2.3 OK for: @tailwindcss/oxide@4.2.3 want: 4.2.3
372 silly placeDep ROOT @tailwindcss/oxide-freebsd-x64@4.2.3 OK for: @tailwindcss/oxide@4.2.3 want: 4.2.3
373 silly placeDep ROOT @tailwindcss/oxide-linux-arm-gnueabihf@4.2.3 OK for: @tailwindcss/oxide@4.2.3 want: 4.2.3
374 silly placeDep ROOT @tailwindcss/oxide-linux-arm64-gnu@4.2.3 OK for: @tailwindcss/oxide@4.2.3 want: 4.2.3
375 silly placeDep ROOT @tailwindcss/oxide-linux-arm64-musl@4.2.3 OK for: @tailwindcss/oxide@4.2.3 want: 4.2.3
376 silly placeDep ROOT @tailwindcss/oxide-linux-x64-gnu@4.2.3 OK for: @tailwindcss/oxide@4.2.3 want: 4.2.3
377 silly placeDep ROOT @tailwindcss/oxide-linux-x64-musl@4.2.3 OK for: @tailwindcss/oxide@4.2.3 want: 4.2.3
378 silly placeDep ROOT @tailwindcss/oxide-wasm32-wasi@4.2.3 OK for: @tailwindcss/oxide@4.2.3 want: 4.2.3
379 silly placeDep ROOT @tailwindcss/oxide-win32-arm64-msvc@4.2.3 OK for: @tailwindcss/oxide@4.2.3 want: 4.2.3
380 silly placeDep ROOT @tailwindcss/oxide-win32-x64-msvc@4.2.3 OK for: @tailwindcss/oxide@4.2.3 want: 4.2.3
381 silly placeDep ROOT undici-types@6.21.0 OK for: @types/node@20.19.39 want: ~6.21.0
382 silly placeDep ROOT csstype@3.2.3 OK for: @types/react@19.2.14 want: ^3.2.2
383 silly placeDep ROOT graceful-fs@4.2.11 OK for: enhanced-resolve@5.20.1 want: ^4.2.4
384 silly placeDep ROOT tapable@2.3.2 OK for: enhanced-resolve@5.20.1 want: ^2.3.0
385 silly placeDep ROOT motion-dom@12.38.0 OK for: framer-motion@12.38.0 want: ^12.38.0
386 silly placeDep ROOT motion-utils@12.36.0 OK for: framer-motion@12.38.0 want: ^12.36.0
387 silly placeDep ROOT tslib@2.8.1 OK for: framer-motion@12.38.0 want: ^2.4.0
388 silly placeDep ROOT detect-libc@2.1.2 OK for: lightningcss@1.32.0 want: ^2.0.3
389 silly placeDep ROOT lightningcss-android-arm64@1.32.0 OK for: lightningcss@1.32.0 want: 1.32.0
390 silly placeDep ROOT lightningcss-darwin-arm64@1.32.0 OK for: lightningcss@1.32.0 want: 1.32.0
391 silly placeDep ROOT lightningcss-darwin-x64@1.32.0 OK for: lightningcss@1.32.0 want: 1.32.0
392 silly placeDep ROOT lightningcss-freebsd-x64@1.32.0 OK for: lightningcss@1.32.0 want: 1.32.0
393 silly placeDep ROOT lightningcss-linux-arm-gnueabihf@1.32.0 OK for: lightningcss@1.32.0 want: 1.32.0
394 silly placeDep ROOT lightningcss-linux-arm64-gnu@1.32.0 OK for: lightningcss@1.32.0 want: 1.32.0
395 silly placeDep ROOT lightningcss-linux-arm64-musl@1.32.0 OK for: lightningcss@1.32.0 want: 1.32.0
396 silly placeDep ROOT lightningcss-linux-x64-gnu@1.32.0 OK for: lightningcss@1.32.0 want: 1.32.0
397 silly placeDep ROOT lightningcss-linux-x64-musl@1.32.0 OK for: lightningcss@1.32.0 want: 1.32.0
398 silly placeDep ROOT lightningcss-win32-arm64-msvc@1.32.0 OK for: lightningcss@1.32.0 want: 1.32.0
399 silly placeDep ROOT lightningcss-win32-x64-msvc@1.32.0 OK for: lightningcss@1.32.0 want: 1.32.0
400 silly fetch manifest react@^18.2.0 || 19.0.0-rc-de68d2f4-20241204 || ^19.0.0
401 silly packumentCache full:https://registry.npmjs.org/react cache-miss
402 http cache https://registry.npmjs.org/react 8ms (cache hit)
403 silly packumentCache full:https://registry.npmjs.org/react set size:6613874 disposed:false
404 silly placeDep ROOT @next/env@16.2.4 OK for: next@16.2.4 want: 16.2.4
405 silly placeDep ROOT @next/swc-darwin-arm64@16.2.4 OK for: next@16.2.4 want: 16.2.4
406 silly placeDep ROOT @next/swc-darwin-x64@16.2.4 OK for: next@16.2.4 want: 16.2.4
407 silly placeDep ROOT @next/swc-linux-arm64-gnu@16.2.4 OK for: next@16.2.4 want: 16.2.4
408 silly placeDep ROOT @next/swc-linux-arm64-musl@16.2.4 OK for: next@16.2.4 want: 16.2.4
409 silly placeDep ROOT @next/swc-linux-x64-gnu@16.2.4 OK for: next@16.2.4 want: 16.2.4
410 silly placeDep ROOT @next/swc-linux-x64-musl@16.2.4 OK for: next@16.2.4 want: 16.2.4
411 silly placeDep ROOT @next/swc-win32-arm64-msvc@16.2.4 OK for: next@16.2.4 want: 16.2.4
412 silly placeDep ROOT @next/swc-win32-x64-msvc@16.2.4 OK for: next@16.2.4 want: 16.2.4
413 silly placeDep ROOT @swc/helpers@0.5.15 OK for: next@16.2.4 want: 0.5.15
414 silly placeDep ROOT baseline-browser-mapping@2.10.20 OK for: next@16.2.4 want: ^2.9.19
415 silly placeDep ROOT caniuse-lite@1.0.30001788 OK for: next@16.2.4 want: ^1.0.30001579
416 silly placeDep node_modules/next postcss@8.4.31 OK for: next@16.2.4 want: 8.4.31
417 silly placeDep ROOT sharp@0.34.5 OK for: next@16.2.4 want: ^0.34.5
418 silly placeDep ROOT styled-jsx@5.1.6 OK for: next@16.2.4 want: 5.1.6
419 silly fetch manifest nanoid@^3.3.6
420 silly packumentCache full:https://registry.npmjs.org/nanoid cache-miss
421 silly fetch manifest picocolors@^1.0.0
422 silly packumentCache full:https://registry.npmjs.org/picocolors cache-miss
423 silly fetch manifest semver@^7.7.3
424 silly packumentCache full:https://registry.npmjs.org/semver cache-miss
425 silly fetch manifest @img/colour@^1.0.0
426 silly packumentCache full:https://registry.npmjs.org/@img%2fcolour cache-miss
427 silly fetch manifest @img/sharp-wasm32@0.34.5
428 silly packumentCache full:https://registry.npmjs.org/@img%2fsharp-wasm32 cache-miss
429 silly fetch manifest @img/sharp-linux-arm@0.34.5
430 silly packumentCache full:https://registry.npmjs.org/@img%2fsharp-linux-arm cache-miss
431 silly fetch manifest @img/sharp-linux-x64@0.34.5
432 silly packumentCache full:https://registry.npmjs.org/@img%2fsharp-linux-x64 cache-miss
433 silly fetch manifest @img/sharp-win32-x64@0.34.5
434 silly packumentCache full:https://registry.npmjs.org/@img%2fsharp-win32-x64 cache-miss
435 silly fetch manifest @img/sharp-darwin-x64@0.34.5
436 silly packumentCache full:https://registry.npmjs.org/@img%2fsharp-darwin-x64 cache-miss
437 http cache https://registry.npmjs.org/picocolors 10ms (cache hit)
438 silly packumentCache full:https://registry.npmjs.org/picocolors set size:16648 disposed:false
439 silly fetch manifest @img/sharp-win32-ia32@0.34.5
440 silly packumentCache full:https://registry.npmjs.org/@img%2fsharp-win32-ia32 cache-miss
441 http cache https://registry.npmjs.org/nanoid 12ms (cache hit)
442 silly packumentCache full:https://registry.npmjs.org/nanoid set size:304025 disposed:false
443 silly fetch manifest @img/sharp-linux-arm64@0.34.5
444 silly packumentCache full:https://registry.npmjs.org/@img%2fsharp-linux-arm64 cache-miss
445 http fetch GET 200 https://registry.npmjs.org/semver 38ms (cache miss)
446 silly packumentCache full:https://registry.npmjs.org/semver set size:undefined disposed:false
447 silly fetch manifest @img/sharp-linux-ppc64@0.34.5
448 silly packumentCache full:https://registry.npmjs.org/@img%2fsharp-linux-ppc64 cache-miss
449 http fetch GET 200 https://registry.npmjs.org/@img%2fcolour 65ms (cache miss)
450 silly packumentCache full:https://registry.npmjs.org/@img%2fcolour set size:undefined disposed:false
451 silly fetch manifest @img/sharp-linux-s390x@0.34.5
452 silly packumentCache full:https://registry.npmjs.org/@img%2fsharp-linux-s390x cache-miss
453 http fetch GET 200 https://registry.npmjs.org/@img%2fsharp-linux-arm64 67ms (cache miss)
454 silly packumentCache full:https://registry.npmjs.org/@img%2fsharp-linux-arm64 set size:undefined disposed:false
455 silly fetch manifest @img/sharp-win32-arm64@0.34.5
456 silly packumentCache full:https://registry.npmjs.org/@img%2fsharp-win32-arm64 cache-miss
457 http fetch GET 200 https://registry.npmjs.org/@img%2fsharp-linux-x64 83ms (cache miss)
458 silly packumentCache full:https://registry.npmjs.org/@img%2fsharp-linux-x64 set size:undefined disposed:false
459 silly fetch manifest @img/sharp-darwin-arm64@0.34.5
460 silly packumentCache full:https://registry.npmjs.org/@img%2fsharp-darwin-arm64 cache-miss
461 http fetch GET 200 https://registry.npmjs.org/@img%2fsharp-win32-ia32 77ms (cache miss)
462 silly packumentCache full:https://registry.npmjs.org/@img%2fsharp-win32-ia32 set size:undefined disposed:false
463 silly fetch manifest @img/sharp-linux-riscv64@0.34.5
464 silly packumentCache full:https://registry.npmjs.org/@img%2fsharp-linux-riscv64 cache-miss
465 http fetch GET 200 https://registry.npmjs.org/@img%2fsharp-win32-x64 101ms (cache miss)
466 silly packumentCache full:https://registry.npmjs.org/@img%2fsharp-win32-x64 set size:undefined disposed:false
467 silly fetch manifest @img/sharp-linuxmusl-x64@0.34.5
468 silly packumentCache full:https://registry.npmjs.org/@img%2fsharp-linuxmusl-x64 cache-miss
469 http fetch GET 200 https://registry.npmjs.org/@img%2fsharp-wasm32 105ms (cache miss)
470 silly packumentCache full:https://registry.npmjs.org/@img%2fsharp-wasm32 set size:undefined disposed:false
471 silly fetch manifest @img/sharp-linuxmusl-arm64@0.34.5
472 silly packumentCache full:https://registry.npmjs.org/@img%2fsharp-linuxmusl-arm64 cache-miss
473 http fetch GET 200 https://registry.npmjs.org/@img%2fsharp-win32-arm64 71ms (cache miss)
474 silly packumentCache full:https://registry.npmjs.org/@img%2fsharp-win32-arm64 set size:undefined disposed:false
475 silly fetch manifest @img/sharp-libvips-linux-arm@1.2.4
476 silly packumentCache full:https://registry.npmjs.org/@img%2fsharp-libvips-linux-arm cache-miss
477 http fetch GET 200 https://registry.npmjs.org/@img%2fsharp-linux-s390x 102ms (cache miss)
478 silly packumentCache full:https://registry.npmjs.org/@img%2fsharp-linux-s390x set size:undefined disposed:false
479 silly fetch manifest @img/sharp-libvips-linux-x64@1.2.4
480 silly packumentCache full:https://registry.npmjs.org/@img%2fsharp-libvips-linux-x64 cache-miss
481 http fetch GET 200 https://registry.npmjs.org/@img%2fsharp-linuxmusl-x64 69ms (cache miss)
482 silly packumentCache full:https://registry.npmjs.org/@img%2fsharp-linuxmusl-x64 set size:undefined disposed:false
483 silly fetch manifest @img/sharp-libvips-darwin-x64@1.2.4
484 silly packumentCache full:https://registry.npmjs.org/@img%2fsharp-libvips-darwin-x64 cache-miss
485 http fetch GET 200 https://registry.npmjs.org/@img%2fsharp-linuxmusl-arm64 76ms (cache miss)
486 silly packumentCache full:https://registry.npmjs.org/@img%2fsharp-linuxmusl-arm64 set size:undefined disposed:false
487 silly fetch manifest @img/sharp-libvips-linux-arm64@1.2.4
488 silly packumentCache full:https://registry.npmjs.org/@img%2fsharp-libvips-linux-arm64 cache-miss
489 http fetch GET 200 https://registry.npmjs.org/@img%2fsharp-linux-riscv64 117ms (cache miss)
490 silly packumentCache full:https://registry.npmjs.org/@img%2fsharp-linux-riscv64 set size:undefined disposed:false
491 silly fetch manifest @img/sharp-libvips-linux-ppc64@1.2.4
492 silly packumentCache full:https://registry.npmjs.org/@img%2fsharp-libvips-linux-ppc64 cache-miss
493 http fetch GET 200 https://registry.npmjs.org/@img%2fsharp-libvips-linux-arm64 63ms (cache miss)
494 silly packumentCache full:https://registry.npmjs.org/@img%2fsharp-libvips-linux-arm64 set size:undefined disposed:false
495 silly fetch manifest @img/sharp-libvips-linux-s390x@1.2.4
496 silly packumentCache full:https://registry.npmjs.org/@img%2fsharp-libvips-linux-s390x cache-miss
497 http fetch GET 200 https://registry.npmjs.org/@img%2fsharp-linux-arm 269ms (cache miss)
498 silly packumentCache full:https://registry.npmjs.org/@img%2fsharp-linux-arm set size:undefined disposed:false
499 silly fetch manifest @img/sharp-libvips-darwin-arm64@1.2.4
500 silly packumentCache full:https://registry.npmjs.org/@img%2fsharp-libvips-darwin-arm64 cache-miss
501 http fetch GET 200 https://registry.npmjs.org/@img%2fsharp-libvips-linux-arm 120ms (cache miss)
502 silly packumentCache full:https://registry.npmjs.org/@img%2fsharp-libvips-linux-arm set size:undefined disposed:false
503 silly fetch manifest @img/sharp-libvips-linux-riscv64@1.2.4
504 silly packumentCache full:https://registry.npmjs.org/@img%2fsharp-libvips-linux-riscv64 cache-miss
505 http fetch GET 200 https://registry.npmjs.org/@img%2fsharp-darwin-x64 282ms (cache miss)
506 silly packumentCache full:https://registry.npmjs.org/@img%2fsharp-darwin-x64 set size:undefined disposed:false
507 silly fetch manifest @img/sharp-libvips-linuxmusl-x64@1.2.4
508 silly packumentCache full:https://registry.npmjs.org/@img%2fsharp-libvips-linuxmusl-x64 cache-miss
509 http fetch GET 200 https://registry.npmjs.org/@img%2fsharp-linux-ppc64 244ms (cache miss)
510 silly packumentCache full:https://registry.npmjs.org/@img%2fsharp-linux-ppc64 set size:undefined disposed:false
511 silly fetch manifest @img/sharp-libvips-linuxmusl-arm64@1.2.4
512 silly packumentCache full:https://registry.npmjs.org/@img%2fsharp-libvips-linuxmusl-arm64 cache-miss
513 http fetch GET 200 https://registry.npmjs.org/@img%2fsharp-libvips-linux-ppc64 81ms (cache miss)
514 silly packumentCache full:https://registry.npmjs.org/@img%2fsharp-libvips-linux-ppc64 set size:undefined disposed:false
515 silly fetch manifest client-only@0.0.1
516 silly packumentCache full:https://registry.npmjs.org/client-only cache-miss
517 http fetch GET 200 https://registry.npmjs.org/@img%2fsharp-libvips-darwin-x64 132ms (cache miss)
518 silly packumentCache full:https://registry.npmjs.org/@img%2fsharp-libvips-darwin-x64 set size:undefined disposed:false
519 http fetch GET 200 https://registry.npmjs.org/client-only 54ms (cache miss)
520 silly packumentCache full:https://registry.npmjs.org/client-only set size:undefined disposed:false
521 http fetch GET 200 https://registry.npmjs.org/@img%2fsharp-darwin-arm64 258ms (cache miss)
522 silly packumentCache full:https://registry.npmjs.org/@img%2fsharp-darwin-arm64 set size:undefined disposed:false
523 http fetch GET 200 https://registry.npmjs.org/@img%2fsharp-libvips-linuxmusl-x64 75ms (cache miss)
524 silly packumentCache full:https://registry.npmjs.org/@img%2fsharp-libvips-linuxmusl-x64 set size:undefined disposed:false
525 http fetch GET 200 https://registry.npmjs.org/@img%2fsharp-libvips-linuxmusl-arm64 77ms (cache miss)
526 silly packumentCache full:https://registry.npmjs.org/@img%2fsharp-libvips-linuxmusl-arm64 set size:undefined disposed:false
527 http fetch GET 200 https://registry.npmjs.org/@img%2fsharp-libvips-linux-x64 277ms (cache miss)
528 silly packumentCache full:https://registry.npmjs.org/@img%2fsharp-libvips-linux-x64 set size:undefined disposed:false
529 http fetch GET 200 https://registry.npmjs.org/@img%2fsharp-libvips-darwin-arm64 221ms (cache miss)
530 silly packumentCache full:https://registry.npmjs.org/@img%2fsharp-libvips-darwin-arm64 set size:undefined disposed:false
531 http fetch GET 200 https://registry.npmjs.org/@img%2fsharp-libvips-linux-s390x 274ms (cache miss)
532 silly packumentCache full:https://registry.npmjs.org/@img%2fsharp-libvips-linux-s390x set size:undefined disposed:false
533 http fetch GET 200 https://registry.npmjs.org/@img%2fsharp-libvips-linux-riscv64 265ms (cache miss)
534 silly packumentCache full:https://registry.npmjs.org/@img%2fsharp-libvips-linux-riscv64 set size:undefined disposed:false
535 silly placeDep ROOT nanoid@3.3.11 OK for: postcss@8.5.10 want: ^3.3.11
536 silly placeDep ROOT picocolors@1.1.1 OK for: postcss@8.5.10 want: ^1.1.1
537 silly placeDep ROOT scheduler@0.27.0 OK for: react-dom@19.2.4 want: ^0.27.0
538 silly placeDep ROOT @img/colour@1.1.0 OK for: sharp@0.34.5 want: ^1.0.0
539 silly placeDep ROOT @img/sharp-darwin-arm64@0.34.5 OK for: sharp@0.34.5 want: 0.34.5
540 silly placeDep ROOT @img/sharp-darwin-x64@0.34.5 OK for: sharp@0.34.5 want: 0.34.5
541 silly placeDep ROOT @img/sharp-libvips-darwin-arm64@1.2.4 OK for: sharp@0.34.5 want: 1.2.4
542 silly placeDep ROOT @img/sharp-libvips-darwin-x64@1.2.4 OK for: sharp@0.34.5 want: 1.2.4
543 silly placeDep ROOT @img/sharp-libvips-linux-arm@1.2.4 OK for: sharp@0.34.5 want: 1.2.4
544 silly placeDep ROOT @img/sharp-libvips-linux-arm64@1.2.4 OK for: sharp@0.34.5 want: 1.2.4
545 silly placeDep ROOT @img/sharp-libvips-linux-ppc64@1.2.4 OK for: sharp@0.34.5 want: 1.2.4
546 silly placeDep ROOT @img/sharp-libvips-linux-riscv64@1.2.4 OK for: sharp@0.34.5 want: 1.2.4
547 silly placeDep ROOT @img/sharp-libvips-linux-s390x@1.2.4 OK for: sharp@0.34.5 want: 1.2.4
548 silly placeDep ROOT @img/sharp-libvips-linux-x64@1.2.4 OK for: sharp@0.34.5 want: 1.2.4
549 silly placeDep ROOT @img/sharp-libvips-linuxmusl-arm64@1.2.4 OK for: sharp@0.34.5 want: 1.2.4
550 silly placeDep ROOT @img/sharp-libvips-linuxmusl-x64@1.2.4 OK for: sharp@0.34.5 want: 1.2.4
551 silly placeDep ROOT @img/sharp-linux-arm@0.34.5 OK for: sharp@0.34.5 want: 0.34.5
552 silly placeDep ROOT @img/sharp-linux-arm64@0.34.5 OK for: sharp@0.34.5 want: 0.34.5
553 silly placeDep ROOT @img/sharp-linux-ppc64@0.34.5 OK for: sharp@0.34.5 want: 0.34.5
554 silly placeDep ROOT @img/sharp-linux-riscv64@0.34.5 OK for: sharp@0.34.5 want: 0.34.5
555 silly placeDep ROOT @img/sharp-linux-s390x@0.34.5 OK for: sharp@0.34.5 want: 0.34.5
556 silly placeDep ROOT @img/sharp-linux-x64@0.34.5 OK for: sharp@0.34.5 want: 0.34.5
557 silly placeDep ROOT @img/sharp-linuxmusl-arm64@0.34.5 OK for: sharp@0.34.5 want: 0.34.5
558 silly placeDep ROOT @img/sharp-linuxmusl-x64@0.34.5 OK for: sharp@0.34.5 want: 0.34.5
559 silly placeDep ROOT @img/sharp-wasm32@0.34.5 OK for: sharp@0.34.5 want: 0.34.5
560 silly placeDep ROOT @img/sharp-win32-arm64@0.34.5 OK for: sharp@0.34.5 want: 0.34.5
561 silly placeDep ROOT @img/sharp-win32-ia32@0.34.5 OK for: sharp@0.34.5 want: 0.34.5
562 silly placeDep ROOT @img/sharp-win32-x64@0.34.5 OK for: sharp@0.34.5 want: 0.34.5
563 silly placeDep ROOT semver@7.7.4 OK for: sharp@0.34.5 want: ^7.7.3
564 silly fetch manifest @emnapi/runtime@^1.7.0
565 silly packumentCache full:https://registry.npmjs.org/@emnapi%2fruntime cache-miss
566 http fetch GET 200 https://registry.npmjs.org/@emnapi%2fruntime 104ms (cache miss)
567 silly packumentCache full:https://registry.npmjs.org/@emnapi%2fruntime set size:undefined disposed:false
568 silly placeDep ROOT @emnapi/runtime@1.10.0 OK for: @img/sharp-wasm32@0.34.5 want: ^1.7.0
569 silly placeDep ROOT client-only@0.0.1 OK for: styled-jsx@5.1.6 want: 0.0.1
570 silly reify moves {}
571 silly audit bulk request {
571 silly audit   '@tailwindcss/postcss': [ '4.2.3' ],
571 silly audit   '@types/node': [ '20.19.39' ],
571 silly audit   '@types/react': [ '19.2.14' ],
571 silly audit   '@types/react-dom': [ '19.2.3' ],
571 silly audit   clsx: [ '2.1.1' ],
571 silly audit   'framer-motion': [ '12.38.0' ],
571 silly audit   next: [ '16.2.4' ],
571 silly audit   react: [ '19.2.4' ],
571 silly audit   'react-dom': [ '19.2.4' ],
571 silly audit   tailwindcss: [ '4.2.3' ],
571 silly audit   typescript: [ '5.9.3' ],
571 silly audit   '@alloc/quick-lru': [ '5.2.0' ],
571 silly audit   '@tailwindcss/node': [ '4.2.3' ],
571 silly audit   '@tailwindcss/oxide': [ '4.2.3' ],
571 silly audit   postcss: [ '8.5.10', '8.4.31' ],
571 silly audit   '@jridgewell/remapping': [ '2.3.5' ],
571 silly audit   'enhanced-resolve': [ '5.20.1' ],
571 silly audit   jiti: [ '2.6.1' ],
571 silly audit   lightningcss: [ '1.32.0' ],
571 silly audit   'magic-string': [ '0.30.21' ],
571 silly audit   'source-map-js': [ '1.2.1' ],
571 silly audit   '@jridgewell/gen-mapping': [ '0.3.13' ],
571 silly audit   '@jridgewell/trace-mapping': [ '0.3.31' ],
571 silly audit   '@jridgewell/sourcemap-codec': [ '1.5.5' ],
571 silly audit   '@jridgewell/resolve-uri': [ '3.1.2' ],
571 silly audit   '@tailwindcss/oxide-android-arm64': [ '4.2.3' ],
571 silly audit   '@tailwindcss/oxide-darwin-arm64': [ '4.2.3' ],
571 silly audit   '@tailwindcss/oxide-darwin-x64': [ '4.2.3' ],
571 silly audit   '@tailwindcss/oxide-freebsd-x64': [ '4.2.3' ],
571 silly audit   '@tailwindcss/oxide-linux-arm-gnueabihf': [ '4.2.3' ],
571 silly audit   '@tailwindcss/oxide-linux-arm64-gnu': [ '4.2.3' ],
571 silly audit   '@tailwindcss/oxide-linux-arm64-musl': [ '4.2.3' ],
571 silly audit   '@tailwindcss/oxide-linux-x64-gnu': [ '4.2.3' ],
571 silly audit   '@tailwindcss/oxide-linux-x64-musl': [ '4.2.3' ],
571 silly audit   '@tailwindcss/oxide-wasm32-wasi': [ '4.2.3' ],
571 silly audit   '@tailwindcss/oxide-win32-arm64-msvc': [ '4.2.3' ],
571 silly audit   '@tailwindcss/oxide-win32-x64-msvc': [ '4.2.3' ],
571 silly audit   'undici-types': [ '6.21.0' ],
571 silly audit   csstype: [ '3.2.3' ],
571 silly audit   'graceful-fs': [ '4.2.11' ],
571 silly audit   tapable: [ '2.3.2' ],
571 silly audit   'motion-dom': [ '12.38.0' ],
571 silly audit   'motion-utils': [ '12.36.0' ],
571 silly audit   tslib: [ '2.8.1' ],
571 silly audit   'detect-libc': [ '2.1.2' ],
571 silly audit   'lightningcss-android-arm64': [ '1.32.0' ],
571 silly audit   'lightningcss-darwin-arm64': [ '1.32.0' ],
571 silly audit   'lightningcss-darwin-x64': [ '1.32.0' ],
571 silly audit   'lightningcss-freebsd-x64': [ '1.32.0' ],
571 silly audit   'lightningcss-linux-arm-gnueabihf': [ '1.32.0' ],
571 silly audit   'lightningcss-linux-arm64-gnu': [ '1.32.0' ],
571 silly audit   'lightningcss-linux-arm64-musl': [ '1.32.0' ],
571 silly audit   'lightningcss-linux-x64-gnu': [ '1.32.0' ],
571 silly audit   'lightningcss-linux-x64-musl': [ '1.32.0' ],
571 silly audit   'lightningcss-win32-arm64-msvc': [ '1.32.0' ],
571 silly audit   'lightningcss-win32-x64-msvc': [ '1.32.0' ],
571 silly audit   '@next/env': [ '16.2.4' ],
571 silly audit   '@next/swc-darwin-arm64': [ '16.2.4' ],
571 silly audit   '@next/swc-darwin-x64': [ '16.2.4' ],
571 silly audit   '@next/swc-linux-arm64-gnu': [ '16.2.4' ],
571 silly audit   '@next/swc-linux-arm64-musl': [ '16.2.4' ],
571 silly audit   '@next/swc-linux-x64-gnu': [ '16.2.4' ],
571 silly audit   '@next/swc-linux-x64-musl': [ '16.2.4' ],
571 silly audit   '@next/swc-win32-arm64-msvc': [ '16.2.4' ],
571 silly audit   '@next/swc-win32-x64-msvc': [ '16.2.4' ],
571 silly audit   '@swc/helpers': [ '0.5.15' ],
571 silly audit   'baseline-browser-mapping': [ '2.10.20' ],
571 silly audit   'caniuse-lite': [ '1.0.30001788' ],
571 silly audit   sharp: [ '0.34.5' ],
571 silly audit   'styled-jsx': [ '5.1.6' ],
571 silly audit   nanoid: [ '3.3.11' ],
571 silly audit   picocolors: [ '1.1.1' ],
571 silly audit   scheduler: [ '0.27.0' ],
571 silly audit   '@img/colour': [ '1.1.0' ],
571 silly audit   '@img/sharp-darwin-arm64': [ '0.34.5' ],
571 silly audit   '@img/sharp-darwin-x64': [ '0.34.5' ],
571 silly audit   '@img/sharp-libvips-darwin-arm64': [ '1.2.4' ],
571 silly audit   '@img/sharp-libvips-darwin-x64': [ '1.2.4' ],
571 silly audit   '@img/sharp-libvips-linux-arm': [ '1.2.4' ],
571 silly audit   '@img/sharp-libvips-linux-arm64': [ '1.2.4' ],
571 silly audit   '@img/sharp-libvips-linux-ppc64': [ '1.2.4' ],
571 silly audit   '@img/sharp-libvips-linux-riscv64': [ '1.2.4' ],
571 silly audit   '@img/sharp-libvips-linux-s390x': [ '1.2.4' ],
571 silly audit   '@img/sharp-libvips-linux-x64': [ '1.2.4' ],
571 silly audit   '@img/sharp-libvips-linuxmusl-arm64': [ '1.2.4' ],
571 silly audit   '@img/sharp-libvips-linuxmusl-x64': [ '1.2.4' ],
571 silly audit   '@img/sharp-linux-arm': [ '0.34.5' ],
571 silly audit   '@img/sharp-linux-arm64': [ '0.34.5' ],
571 silly audit   '@img/sharp-linux-ppc64': [ '0.34.5' ],
571 silly audit   '@img/sharp-linux-riscv64': [ '0.34.5' ],
571 silly audit   '@img/sharp-linux-s390x': [ '0.34.5' ],
571 silly audit   '@img/sharp-linux-x64': [ '0.34.5' ],
571 silly audit   '@img/sharp-linuxmusl-arm64': [ '0.34.5' ],
571 silly audit   '@img/sharp-linuxmusl-x64': [ '0.34.5' ],
571 silly audit   '@img/sharp-wasm32': [ '0.34.5' ],
571 silly audit   '@img/sharp-win32-arm64': [ '0.34.5' ],
571 silly audit   '@img/sharp-win32-ia32': [ '0.34.5' ],
571 silly audit   '@img/sharp-win32-x64': [ '0.34.5' ],
571 silly audit   semver: [ '7.7.4' ],
571 silly audit   '@emnapi/runtime': [ '1.10.0' ],
571 silly audit   'client-only': [ '0.0.1' ]
571 silly audit }
572 http cache client-only@https://registry.npmjs.org/client-only/-/client-only-0.0.1.tgz 0ms (cache hit)
573 http cache @emnapi/runtime@https://registry.npmjs.org/@emnapi/runtime/-/runtime-1.10.0.tgz 0ms (cache hit)
574 http cache semver@https://registry.npmjs.org/semver/-/semver-7.7.4.tgz 0ms (cache hit)
575 http cache @img/sharp-libvips-darwin-arm64@https://registry.npmjs.org/@img/sharp-libvips-darwin-arm64/-/sharp-libvips-darwin-arm64-1.2.4.tgz 0ms (cache hit)
576 http cache @img/sharp-darwin-arm64@https://registry.npmjs.org/@img/sharp-darwin-arm64/-/sharp-darwin-arm64-0.34.5.tgz 0ms (cache hit)
577 http cache @img/colour@https://registry.npmjs.org/@img/colour/-/colour-1.1.0.tgz 0ms (cache hit)
578 http cache scheduler@https://registry.npmjs.org/scheduler/-/scheduler-0.27.0.tgz 0ms (cache hit)
579 http cache picocolors@https://registry.npmjs.org/picocolors/-/picocolors-1.1.1.tgz 0ms (cache hit)
580 http cache nanoid@https://registry.npmjs.org/nanoid/-/nanoid-3.3.11.tgz 0ms (cache hit)
581 http cache styled-jsx@https://registry.npmjs.org/styled-jsx/-/styled-jsx-5.1.6.tgz 0ms (cache hit)
582 http cache sharp@https://registry.npmjs.org/sharp/-/sharp-0.34.5.tgz 0ms (cache hit)
583 http cache baseline-browser-mapping@https://registry.npmjs.org/baseline-browser-mapping/-/baseline-browser-mapping-2.10.20.tgz 0ms (cache hit)
584 http cache caniuse-lite@https://registry.npmjs.org/caniuse-lite/-/caniuse-lite-1.0.30001788.tgz 0ms (cache hit)
585 http cache @swc/helpers@https://registry.npmjs.org/@swc/helpers/-/helpers-0.5.15.tgz 0ms (cache hit)
586 http cache @next/swc-darwin-arm64@https://registry.npmjs.org/@next/swc-darwin-arm64/-/swc-darwin-arm64-16.2.4.tgz 0ms (cache hit)
587 http cache lightningcss-darwin-arm64@https://registry.npmjs.org/lightningcss-darwin-arm64/-/lightningcss-darwin-arm64-1.32.0.tgz 0ms (cache hit)
588 http cache @next/env@https://registry.npmjs.org/@next/env/-/env-16.2.4.tgz 0ms (cache hit)
589 http cache motion-utils@https://registry.npmjs.org/motion-utils/-/motion-utils-12.36.0.tgz 0ms (cache hit)
590 http cache detect-libc@https://registry.npmjs.org/detect-libc/-/detect-libc-2.1.2.tgz 0ms (cache hit)
591 http cache motion-dom@https://registry.npmjs.org/motion-dom/-/motion-dom-12.38.0.tgz 0ms (cache hit)
592 http cache graceful-fs@https://registry.npmjs.org/graceful-fs/-/graceful-fs-4.2.11.tgz 0ms (cache hit)
593 http cache tslib@https://registry.npmjs.org/tslib/-/tslib-2.8.1.tgz 0ms (cache hit)
594 http cache csstype@https://registry.npmjs.org/csstype/-/csstype-3.2.3.tgz 0ms (cache hit)
595 http cache tapable@https://registry.npmjs.org/tapable/-/tapable-2.3.2.tgz 0ms (cache hit)
596 http cache undici-types@https://registry.npmjs.org/undici-types/-/undici-types-6.21.0.tgz 0ms (cache hit)
597 http cache @tailwindcss/oxide-darwin-arm64@https://registry.npmjs.org/@tailwindcss/oxide-darwin-arm64/-/oxide-darwin-arm64-4.2.3.tgz 0ms (cache hit)
598 http cache @jridgewell/trace-mapping@https://registry.npmjs.org/@jridgewell/trace-mapping/-/trace-mapping-0.3.31.tgz 0ms (cache hit)
599 http cache @jridgewell/sourcemap-codec@https://registry.npmjs.org/@jridgewell/sourcemap-codec/-/sourcemap-codec-1.5.5.tgz 0ms (cache hit)
600 http cache @jridgewell/gen-mapping@https://registry.npmjs.org/@jridgewell/gen-mapping/-/gen-mapping-0.3.13.tgz 0ms (cache hit)
601 http cache source-map-js@https://registry.npmjs.org/source-map-js/-/source-map-js-1.2.1.tgz 0ms (cache hit)
602 http cache magic-string@https://registry.npmjs.org/magic-string/-/magic-string-0.30.21.tgz 0ms (cache hit)
603 http cache lightningcss@https://registry.npmjs.org/lightningcss/-/lightningcss-1.32.0.tgz 0ms (cache hit)
604 http cache jiti@https://registry.npmjs.org/jiti/-/jiti-2.6.1.tgz 0ms (cache hit)
605 http cache enhanced-resolve@https://registry.npmjs.org/enhanced-resolve/-/enhanced-resolve-5.20.1.tgz 0ms (cache hit)
606 http cache @jridgewell/remapping@https://registry.npmjs.org/@jridgewell/remapping/-/remapping-2.3.5.tgz 0ms (cache hit)
607 http cache @tailwindcss/node@https://registry.npmjs.org/@tailwindcss/node/-/node-4.2.3.tgz 0ms (cache hit)
608 http cache @alloc/quick-lru@https://registry.npmjs.org/@alloc/quick-lru/-/quick-lru-5.2.0.tgz 0ms (cache hit)
609 http cache @jridgewell/resolve-uri@https://registry.npmjs.org/@jridgewell/resolve-uri/-/resolve-uri-3.1.2.tgz 0ms (cache hit)
610 http cache @tailwindcss/oxide@https://registry.npmjs.org/@tailwindcss/oxide/-/oxide-4.2.3.tgz 0ms (cache hit)
611 http cache typescript@https://registry.npmjs.org/typescript/-/typescript-5.9.3.tgz 0ms (cache hit)
612 http cache react-dom@https://registry.npmjs.org/react-dom/-/react-dom-19.2.4.tgz 0ms (cache hit)
613 http cache tailwindcss@https://registry.npmjs.org/tailwindcss/-/tailwindcss-4.2.3.tgz 0ms (cache hit)
614 http cache react@https://registry.npmjs.org/react/-/react-19.2.4.tgz 0ms (cache hit)
615 http cache next@https://registry.npmjs.org/next/-/next-16.2.4.tgz 0ms (cache hit)
616 http cache clsx@https://registry.npmjs.org/clsx/-/clsx-2.1.1.tgz 0ms (cache hit)
617 http cache framer-motion@https://registry.npmjs.org/framer-motion/-/framer-motion-12.38.0.tgz 0ms (cache hit)
618 http cache @types/react-dom@https://registry.npmjs.org/@types/react-dom/-/react-dom-19.2.3.tgz 0ms (cache hit)
619 http cache @types/react@https://registry.npmjs.org/@types/react/-/react-19.2.14.tgz 0ms (cache hit)
620 http cache @types/node@https://registry.npmjs.org/@types/node/-/node-20.19.39.tgz 0ms (cache hit)
621 http cache @tailwindcss/postcss@https://registry.npmjs.org/@tailwindcss/postcss/-/postcss-4.2.3.tgz 0ms (cache hit)
622 http cache postcss@https://registry.npmjs.org/postcss/-/postcss-8.4.31.tgz 0ms (cache hit)
623 http cache postcss@https://registry.npmjs.org/postcss/-/postcss-8.5.10.tgz 0ms (cache hit)
624 silly tarball no local data for client-only@https://registry.npmjs.org/client-only/-/client-only-0.0.1.tgz. Extracting by manifest.
625 silly tarball no local data for @emnapi/runtime@https://registry.npmjs.org/@emnapi/runtime/-/runtime-1.10.0.tgz. Extracting by manifest.
626 silly tarball no local data for semver@https://registry.npmjs.org/semver/-/semver-7.7.4.tgz. Extracting by manifest.
627 silly tarball no local data for @img/sharp-libvips-darwin-arm64@https://registry.npmjs.org/@img/sharp-libvips-darwin-arm64/-/sharp-libvips-darwin-arm64-1.2.4.tgz. Extracting by manifest.
628 silly tarball no local data for @img/sharp-darwin-arm64@https://registry.npmjs.org/@img/sharp-darwin-arm64/-/sharp-darwin-arm64-0.34.5.tgz. Extracting by manifest.
629 silly tarball no local data for @img/colour@https://registry.npmjs.org/@img/colour/-/colour-1.1.0.tgz. Extracting by manifest.
630 silly tarball no local data for scheduler@https://registry.npmjs.org/scheduler/-/scheduler-0.27.0.tgz. Extracting by manifest.
631 silly tarball no local data for picocolors@https://registry.npmjs.org/picocolors/-/picocolors-1.1.1.tgz. Extracting by manifest.
632 silly tarball no local data for nanoid@https://registry.npmjs.org/nanoid/-/nanoid-3.3.11.tgz. Extracting by manifest.
633 silly tarball no local data for styled-jsx@https://registry.npmjs.org/styled-jsx/-/styled-jsx-5.1.6.tgz. Extracting by manifest.
634 silly tarball no local data for sharp@https://registry.npmjs.org/sharp/-/sharp-0.34.5.tgz. Extracting by manifest.
635 silly tarball no local data for baseline-browser-mapping@https://registry.npmjs.org/baseline-browser-mapping/-/baseline-browser-mapping-2.10.20.tgz. Extracting by manifest.
636 silly tarball no local data for caniuse-lite@https://registry.npmjs.org/caniuse-lite/-/caniuse-lite-1.0.30001788.tgz. Extracting by manifest.
637 silly tarball no local data for @swc/helpers@https://registry.npmjs.org/@swc/helpers/-/helpers-0.5.15.tgz. Extracting by manifest.
638 silly tarball no local data for @next/swc-darwin-arm64@https://registry.npmjs.org/@next/swc-darwin-arm64/-/swc-darwin-arm64-16.2.4.tgz. Extracting by manifest.
639 silly tarball no local data for lightningcss-darwin-arm64@https://registry.npmjs.org/lightningcss-darwin-arm64/-/lightningcss-darwin-arm64-1.32.0.tgz. Extracting by manifest.
640 silly tarball no local data for @next/env@https://registry.npmjs.org/@next/env/-/env-16.2.4.tgz. Extracting by manifest.
641 silly tarball no local data for motion-utils@https://registry.npmjs.org/motion-utils/-/motion-utils-12.36.0.tgz. Extracting by manifest.
642 silly tarball no local data for detect-libc@https://registry.npmjs.org/detect-libc/-/detect-libc-2.1.2.tgz. Extracting by manifest.
643 silly tarball no local data for motion-dom@https://registry.npmjs.org/motion-dom/-/motion-dom-12.38.0.tgz. Extracting by manifest.
644 silly tarball no local data for graceful-fs@https://registry.npmjs.org/graceful-fs/-/graceful-fs-4.2.11.tgz. Extracting by manifest.
645 silly tarball no local data for tslib@https://registry.npmjs.org/tslib/-/tslib-2.8.1.tgz. Extracting by manifest.
646 silly tarball no local data for csstype@https://registry.npmjs.org/csstype/-/csstype-3.2.3.tgz. Extracting by manifest.
647 silly tarball no local data for tapable@https://registry.npmjs.org/tapable/-/tapable-2.3.2.tgz. Extracting by manifest.
648 silly tarball no local data for undici-types@https://registry.npmjs.org/undici-types/-/undici-types-6.21.0.tgz. Extracting by manifest.
649 silly tarball no local data for @tailwindcss/oxide-darwin-arm64@https://registry.npmjs.org/@tailwindcss/oxide-darwin-arm64/-/oxide-darwin-arm64-4.2.3.tgz. Extracting by manifest.
650 silly tarball no local data for @jridgewell/trace-mapping@https://registry.npmjs.org/@jridgewell/trace-mapping/-/trace-mapping-0.3.31.tgz. Extracting by manifest.
651 silly tarball no local data for @jridgewell/sourcemap-codec@https://registry.npmjs.org/@jridgewell/sourcemap-codec/-/sourcemap-codec-1.5.5.tgz. Extracting by manifest.
652 silly tarball no local data for @jridgewell/gen-mapping@https://registry.npmjs.org/@jridgewell/gen-mapping/-/gen-mapping-0.3.13.tgz. Extracting by manifest.
653 silly tarball no local data for source-map-js@https://registry.npmjs.org/source-map-js/-/source-map-js-1.2.1.tgz. Extracting by manifest.
654 silly tarball no local data for magic-string@https://registry.npmjs.org/magic-string/-/magic-string-0.30.21.tgz. Extracting by manifest.
655 silly tarball no local data for lightningcss@https://registry.npmjs.org/lightningcss/-/lightningcss-1.32.0.tgz. Extracting by manifest.
656 silly tarball no local data for jiti@https://registry.npmjs.org/jiti/-/jiti-2.6.1.tgz. Extracting by manifest.
657 silly tarball no local data for enhanced-resolve@https://registry.npmjs.org/enhanced-resolve/-/enhanced-resolve-5.20.1.tgz. Extracting by manifest.
658 silly tarball no local data for @jridgewell/remapping@https://registry.npmjs.org/@jridgewell/remapping/-/remapping-2.3.5.tgz. Extracting by manifest.
659 silly tarball no local data for @tailwindcss/node@https://registry.npmjs.org/@tailwindcss/node/-/node-4.2.3.tgz. Extracting by manifest.
660 silly tarball no local data for @alloc/quick-lru@https://registry.npmjs.org/@alloc/quick-lru/-/quick-lru-5.2.0.tgz. Extracting by manifest.
661 silly tarball no local data for @jridgewell/resolve-uri@https://registry.npmjs.org/@jridgewell/resolve-uri/-/resolve-uri-3.1.2.tgz. Extracting by manifest.
662 silly tarball no local data for @tailwindcss/oxide@https://registry.npmjs.org/@tailwindcss/oxide/-/oxide-4.2.3.tgz. Extracting by manifest.
663 silly tarball no local data for typescript@https://registry.npmjs.org/typescript/-/typescript-5.9.3.tgz. Extracting by manifest.
664 silly tarball no local data for react-dom@https://registry.npmjs.org/react-dom/-/react-dom-19.2.4.tgz. Extracting by manifest.
665 silly tarball no local data for tailwindcss@https://registry.npmjs.org/tailwindcss/-/tailwindcss-4.2.3.tgz. Extracting by manifest.
666 silly tarball no local data for react@https://registry.npmjs.org/react/-/react-19.2.4.tgz. Extracting by manifest.
667 silly tarball no local data for next@https://registry.npmjs.org/next/-/next-16.2.4.tgz. Extracting by manifest.
668 silly tarball no local data for clsx@https://registry.npmjs.org/clsx/-/clsx-2.1.1.tgz. Extracting by manifest.
669 silly tarball no local data for framer-motion@https://registry.npmjs.org/framer-motion/-/framer-motion-12.38.0.tgz. Extracting by manifest.
670 silly tarball no local data for @types/react-dom@https://registry.npmjs.org/@types/react-dom/-/react-dom-19.2.3.tgz. Extracting by manifest.
671 silly tarball no local data for @types/react@https://registry.npmjs.org/@types/react/-/react-19.2.14.tgz. Extracting by manifest.
672 silly tarball no local data for @types/node@https://registry.npmjs.org/@types/node/-/node-20.19.39.tgz. Extracting by manifest.
673 silly tarball no local data for @tailwindcss/postcss@https://registry.npmjs.org/@tailwindcss/postcss/-/postcss-4.2.3.tgz. Extracting by manifest.
674 silly tarball no local data for postcss@https://registry.npmjs.org/postcss/-/postcss-8.4.31.tgz. Extracting by manifest.
675 silly tarball no local data for postcss@https://registry.npmjs.org/postcss/-/postcss-8.5.10.tgz. Extracting by manifest.
676 http fetch GET 200 https://registry.npmjs.org/scheduler/-/scheduler-0.27.0.tgz 56ms (cache miss)
677 http fetch GET 200 https://registry.npmjs.org/@emnapi/runtime/-/runtime-1.10.0.tgz 74ms (cache miss)
678 http fetch GET 200 https://registry.npmjs.org/semver/-/semver-7.7.4.tgz 76ms (cache miss)
679 http fetch GET 200 https://registry.npmjs.org/@img/colour/-/colour-1.1.0.tgz 82ms (cache miss)
680 http fetch GET 200 https://registry.npmjs.org/client-only/-/client-only-0.0.1.tgz 84ms (cache miss)
681 http fetch GET 200 https://registry.npmjs.org/nanoid/-/nanoid-3.3.11.tgz 97ms (cache miss)
682 http fetch GET 200 https://registry.npmjs.org/detect-libc/-/detect-libc-2.1.2.tgz 138ms (cache miss)
683 http fetch GET 200 https://registry.npmjs.org/picocolors/-/picocolors-1.1.1.tgz 139ms (cache miss)
684 http fetch GET 200 https://registry.npmjs.org/@next/env/-/env-16.2.4.tgz 157ms (cache miss)
685 http fetch GET 200 https://registry.npmjs.org/baseline-browser-mapping/-/baseline-browser-mapping-2.10.20.tgz 181ms (cache miss)
686 http fetch GET 200 https://registry.npmjs.org/motion-utils/-/motion-utils-12.36.0.tgz 192ms (cache miss)
687 http fetch GET 200 https://registry.npmjs.org/tslib/-/tslib-2.8.1.tgz 205ms (cache miss)
688 http fetch POST 200 https://registry.npmjs.org/-/npm/v1/security/advisories/bulk 230ms
689 silly audit report {}
690 http fetch GET 200 https://registry.npmjs.org/graceful-fs/-/graceful-fs-4.2.11.tgz 217ms (cache miss)
691 http fetch GET 200 https://registry.npmjs.org/tapable/-/tapable-2.3.2.tgz 234ms (cache miss)
692 http fetch GET 200 https://registry.npmjs.org/styled-jsx/-/styled-jsx-5.1.6.tgz 270ms (cache miss)
693 http fetch GET 200 https://registry.npmjs.org/sharp/-/sharp-0.34.5.tgz 289ms (cache miss)
694 http fetch GET 200 https://registry.npmjs.org/undici-types/-/undici-types-6.21.0.tgz 305ms (cache miss)
695 http fetch GET 200 https://registry.npmjs.org/lightningcss-darwin-arm64/-/lightningcss-darwin-arm64-1.32.0.tgz 312ms (cache miss)
696 http fetch GET 200 https://registry.npmjs.org/csstype/-/csstype-3.2.3.tgz 322ms (cache miss)
697 http fetch GET 200 https://registry.npmjs.org/@jridgewell/sourcemap-codec/-/sourcemap-codec-1.5.5.tgz 336ms (cache miss)
698 http fetch GET 200 https://registry.npmjs.org/@jridgewell/gen-mapping/-/gen-mapping-0.3.13.tgz 340ms (cache miss)
699 http fetch GET 200 https://registry.npmjs.org/magic-string/-/magic-string-0.30.21.tgz 348ms (cache miss)
700 http fetch GET 200 https://registry.npmjs.org/source-map-js/-/source-map-js-1.2.1.tgz 353ms (cache miss)
701 http fetch GET 200 https://registry.npmjs.org/@jridgewell/trace-mapping/-/trace-mapping-0.3.31.tgz 364ms (cache miss)
702 http fetch GET 200 https://registry.npmjs.org/lightningcss/-/lightningcss-1.32.0.tgz 371ms (cache miss)
703 http fetch GET 200 https://registry.npmjs.org/@jridgewell/resolve-uri/-/resolve-uri-3.1.2.tgz 384ms (cache miss)
704 http fetch GET 200 https://registry.npmjs.org/@tailwindcss/oxide/-/oxide-4.2.3.tgz 393ms (cache miss)
705 http fetch GET 200 https://registry.npmjs.org/@alloc/quick-lru/-/quick-lru-5.2.0.tgz 400ms (cache miss)
706 http fetch GET 200 https://registry.npmjs.org/@tailwindcss/node/-/node-4.2.3.tgz 404ms (cache miss)
707 http fetch GET 200 https://registry.npmjs.org/jiti/-/jiti-2.6.1.tgz 416ms (cache miss)
708 http fetch GET 200 https://registry.npmjs.org/enhanced-resolve/-/enhanced-resolve-5.20.1.tgz 431ms (cache miss)
709 http fetch GET 200 https://registry.npmjs.org/clsx/-/clsx-2.1.1.tgz 443ms (cache miss)
710 http fetch GET 200 https://registry.npmjs.org/react/-/react-19.2.4.tgz 445ms (cache miss)
711 http fetch GET 200 https://registry.npmjs.org/tailwindcss/-/tailwindcss-4.2.3.tgz 476ms (cache miss)
712 http fetch GET 200 https://registry.npmjs.org/@jridgewell/remapping/-/remapping-2.3.5.tgz 482ms (cache miss)
713 http fetch GET 200 https://registry.npmjs.org/@types/react-dom/-/react-dom-19.2.3.tgz 495ms (cache miss)
714 http fetch GET 200 https://registry.npmjs.org/@tailwindcss/postcss/-/postcss-4.2.3.tgz 570ms (cache miss)
715 http fetch GET 200 https://registry.npmjs.org/@types/react/-/react-19.2.14.tgz 586ms (cache miss)
716 http fetch GET 200 https://registry.npmjs.org/postcss/-/postcss-8.4.31.tgz 678ms (cache miss)
717 http fetch GET 200 https://registry.npmjs.org/@tailwindcss/oxide-darwin-arm64/-/oxide-darwin-arm64-4.2.3.tgz 694ms (cache miss)
718 http fetch GET 200 https://registry.npmjs.org/@img/sharp-darwin-arm64/-/sharp-darwin-arm64-0.34.5.tgz 717ms (cache miss)
719 http fetch GET 200 https://registry.npmjs.org/postcss/-/postcss-8.5.10.tgz 745ms (cache miss)
720 http fetch GET 200 https://registry.npmjs.org/@types/node/-/node-20.19.39.tgz 929ms (cache miss)
721 http fetch GET 200 https://registry.npmjs.org/@img/sharp-libvips-darwin-arm64/-/sharp-libvips-darwin-arm64-1.2.4.tgz 1108ms (cache miss)
722 http fetch GET 200 https://registry.npmjs.org/react-dom/-/react-dom-19.2.4.tgz 1137ms (cache miss)
723 http fetch GET 200 https://registry.npmjs.org/@swc/helpers/-/helpers-0.5.15.tgz 1230ms (cache miss)
724 http fetch GET 200 https://registry.npmjs.org/typescript/-/typescript-5.9.3.tgz 1797ms (cache miss)
725 http fetch GET 200 https://registry.npmjs.org/framer-motion/-/framer-motion-12.38.0.tgz 2208ms (cache miss)
726 http fetch GET 200 https://registry.npmjs.org/caniuse-lite/-/caniuse-lite-1.0.30001788.tgz 2224ms (cache miss)
727 http fetch GET 200 https://registry.npmjs.org/motion-dom/-/motion-dom-12.38.0.tgz 2263ms (cache miss)
728 http fetch GET 200 https://registry.npmjs.org/@next/swc-darwin-arm64/-/swc-darwin-arm64-16.2.4.tgz 2575ms (cache miss)
729 http fetch GET 200 https://registry.npmjs.org/next/-/next-16.2.4.tgz 8319ms (cache miss)
730 info run sharp@0.34.5 install node_modules/sharp node install/check.js || npm run build
731 info run sharp@0.34.5 install { code: 0, signal: null }
732 silly ADD node_modules/client-only
733 silly ADD node_modules/@emnapi/runtime
734 silly ADD node_modules/semver
735 silly ADD node_modules/@img/sharp-libvips-darwin-arm64
736 silly ADD node_modules/@img/sharp-darwin-arm64
737 silly ADD node_modules/@img/colour
738 silly ADD node_modules/scheduler
739 silly ADD node_modules/picocolors
740 silly ADD node_modules/nanoid
741 silly ADD node_modules/styled-jsx
742 silly ADD node_modules/sharp
743 silly ADD node_modules/caniuse-lite
744 silly ADD node_modules/baseline-browser-mapping
745 silly ADD node_modules/@swc/helpers
746 silly ADD node_modules/@next/swc-darwin-arm64
747 silly ADD node_modules/@next/env
748 silly ADD node_modules/lightningcss-darwin-arm64
749 silly ADD node_modules/detect-libc
750 silly ADD node_modules/tslib
751 silly ADD node_modules/motion-utils
752 silly ADD node_modules/motion-dom
753 silly ADD node_modules/tapable
754 silly ADD node_modules/graceful-fs
755 silly ADD node_modules/csstype
756 silly ADD node_modules/undici-types
757 silly ADD node_modules/@tailwindcss/oxide-darwin-arm64
758 silly ADD node_modules/@jridgewell/resolve-uri
759 silly ADD node_modules/@jridgewell/sourcemap-codec
760 silly ADD node_modules/@jridgewell/trace-mapping
761 silly ADD node_modules/@jridgewell/gen-mapping
762 silly ADD node_modules/source-map-js
763 silly ADD node_modules/magic-string
764 silly ADD node_modules/lightningcss
765 silly ADD node_modules/jiti
766 silly ADD node_modules/enhanced-resolve
767 silly ADD node_modules/@jridgewell/remapping
768 silly ADD node_modules/postcss
769 silly ADD node_modules/@tailwindcss/oxide
770 silly ADD node_modules/@tailwindcss/node
771 silly ADD node_modules/@alloc/quick-lru
772 silly ADD node_modules/typescript
773 silly ADD node_modules/tailwindcss
774 silly ADD node_modules/react-dom
775 silly ADD node_modules/react
776 silly ADD node_modules/next
777 silly ADD node_modules/next/node_modules/postcss
778 silly ADD node_modules/framer-motion
779 silly ADD node_modules/clsx
780 silly ADD node_modules/@types/react-dom
781 silly ADD node_modules/@types/react
782 silly ADD node_modules/@types/node
783 silly ADD node_modules/@tailwindcss/postcss
784 verbose cwd /Users/samuelmartos/Documents/Cosas Reales/web
785 verbose os Darwin 24.6.0
786 verbose node v24.14.0
787 verbose npm  v11.9.0
788 notice
788 notice New minor version of npm available! 11.9.0 -> 11.12.1
788 notice Changelog: https://github.com/npm/cli/releases/tag/v11.12.1
788 notice To update run: npm install -g npm@11.12.1
788 notice  { force: true, Symbol(proc-log.meta): true }
789 verbose exit 0
790 info ok
